Arguments: 
  /usr/local/bin/node /opt/homebrew/bin/yarn install

PATH: 
  /Library/Java/JavaVirtualMachines/adoptopenjdk-15.jdk/Contents/Home/bin:/usr/local/bin:/usr/bin:/bin:/usr/sbin:/sbin:/Library/TeX/texbin:/usr/local/go/bin:/Library/Apple/usr/bin:/Applications/Postgres.app/Contents/Versions/latest/bin:/Library/Java/JavaVirtualMachines/adoptopenjdk-15.jdk/Contents/Home/bin:/opt/homebrew/bin:/Users/cadyli/Library/Android/sdk/platform-tools:/Users/cadyli/Library/Android/sdk/emulator:/Users/cadyli/Library/Android/sdk/tools:/Users/cadyli/Library/Android/sdk/tools/bin:/Users/cadyli/Documents/flutter/bin://flutter/bin:/opt/homebrew/bin:/Users/cadyli/Library/Android/sdk/platform-tools:/Users/cadyli/Library/Android/sdk/emulator:/Users/cadyli/Library/Android/sdk/tools:/Users/cadyli/Library/Android/sdk/tools/bin:/Users/cadyli/Library/Android/sdk/platform-tools:/Users/cadyli/Documents/flutter/bin:/Users/cadyli/Desktop/WATERLOO/foodstagram/flutter/bin

Yarn version: 
  1.22.17

Node version: 
  14.17.6

Platform: 
  darwin x64

Trace: 
  Error: ENOSPC: no space left on device, write

npm manifest: 
  {
    "name": "foodstagram",
    "version": "1.0.0",
    "main": "node_modules/expo/AppEntry.js",
    "scripts": {
      "start": "expo start",
      "android": "expo start --android",
      "ios": "expo start --ios",
      "web": "expo start --web"
    },
    "dependencies": {
      "expo": "~46.0.16",
      "expo-status-bar": "~1.4.0",
      "react": "18.0.0",
      "react-native": "0.69.6"
    },
    "devDependencies": {
      "@babel/core": "^7.12.9"
    },
    "private": true
  }

yarn manifest: 
  No manifest

Lockfile: 
  No lockfile
